<?xml version="1.0" encoding="UTF-8"?>
<!-- Generated by org.testng.reporters.JUnitReportReporter -->
<testsuite hostname="DESKTOP-ULJ8NFD" failures="0" tests="1" name="ProjectTest.Sorting" time="45.377" errors="0" timestamp="2021-07-24T14:03:57 EDT" skipped="0">
  <testcase classname="ProjectTest.Sorting" name="Test1" time="45.377"/>
  <system-out/>
</testsuite> <!-- ProjectTest.Sorting -->
