<?xml version="1.0" encoding="UTF-8"?>
<!-- Generated by org.testng.reporters.JUnitReportReporter -->
<testsuite hostname="DESKTOP-ULJ8NFD" failures="0" tests="1" name="ProjectTest.ShoppingCart" time="55.512" errors="0" timestamp="2021-07-24T14:28:52 EDT" skipped="0">
  <testcase classname="ProjectTest.ShoppingCart" name="Carttest1" time="55.512"/>
  <system-out/>
</testsuite> <!-- ProjectTest.ShoppingCart -->
