<?xml version="1.0" encoding="UTF-8"?>
<!-- Generated by org.testng.reporters.JUnitReportReporter -->
<testsuite hostname="DESKTOP-ULJ8NFD" failures="0" tests="1" name="ProjectTest.CreateTest1" time="47.366" errors="0" timestamp="2021-07-05T22:29:01 EDT" skipped="0">
  <testcase classname="ProjectTest.CreateTest1" name="Test5" time="47.366"/>
  <system-out/>
</testsuite> <!-- ProjectTest.CreateTest1 -->
